  Buffer.cpp
D:\KPsDocuments\GDP1\NetworkProgramming\Projects\Project1\Buffer.cpp(38,20): warning C4244: '=': conversion from 'int16_t' to '_Ty', possible loss of data
          with
          [
              _Ty=uint8_t
          ]
D:\KPsDocuments\GDP1\NetworkProgramming\Projects\Project1\Buffer.cpp(47,29): warning C4244: '=': conversion from 'int16_t' to '_Ty', possible loss of data
          with
          [
              _Ty=uint8_t
          ]
D:\KPsDocuments\GDP1\NetworkProgramming\Projects\Project1\Buffer.cpp(93,20): warning C4018: '<': signed/unsigned mismatch
D:\KPsDocuments\GDP1\NetworkProgramming\Projects\Project1\Buffer.cpp(101,20): warning C4018: '<': signed/unsigned mismatch
D:\KPsDocuments\GDP1\NetworkProgramming\Projects\Project1\Buffer.cpp(110,20): warning C4018: '<': signed/unsigned mismatch
  Server.cpp
D:\KPsDocuments\GDP1\NetworkProgramming\Projects\Project1\Server.cpp(284,21): warning C4018: '<': signed/unsigned mismatch
D:\KPsDocuments\GDP1\NetworkProgramming\Projects\Project1\Server.cpp(361,21): warning C4018: '<': signed/unsigned mismatch
D:\KPsDocuments\GDP1\NetworkProgramming\Projects\Project1\Server.cpp(352,6): warning C4101: 'selectResult': unreferenced local variable
  Generating code
  10 of 242 functions ( 4.1%) were compiled, the rest were copied from previous compilation.
    8 functions were new in current compilation
    6 functions had inline decision re-evaluated but remain unchanged
  Finished generating code
  Project1.vcxproj -> D:\KPsDocuments\GDP1\NetworkProgramming\Projects\Project1\Release\Project1.exe
